# JRE version: Java(TM) SE Runtime Environment (17.0.12+8) (build 17.0.12+8-LTS-286)
# Java VM: Java HotSpot(TM) 64-Bit Server VM (17.0.12+8-LTS-286, mixed mode, sharing, tiered, compressed oops, compressed class ptrs, g1 gc, windows-amd64)
GC Precious Log:
 CPUs: 8 total, 8 available
 Memory: 8033M
 Large Page Support: Disabled
 NUMA Support: Disabled
 Compressed Oops: Enabled (32-bit)
 Heap Region Size: 1M
 Heap Min Capacity: 8M
 Heap Initial Capacity: 126M
 Heap Max Capacity: 2G
 Pre-touch: Disabled
 Parallel Workers: 8
 Concurrent Workers: 2
 Concurrent Refinement Workers: 8
 Periodic GC: Disabled
Heap:
 garbage-first heap   total 321536K, used 247174K [0x0000000080000000, 0x0000000100000000)
  region size 1024K, 138 young (141312K), 2 survivors (2048K)
 Metaspace       used 95761K, committed 96768K, reserved 557056K
  class space    used 13327K, committed 13824K, reserved 425984K
GC Heap History (20 events):
Event: 182.480 GC heap before
{Heap before GC invocations=36 (full 0):
 garbage-first heap   total 128000K, used 80313K [0x0000000080000000, 0x0000000100000000)
  region size 1024K, 6 young (6144K), 4 survivors (4096K)
 Metaspace       used 71525K, committed 72384K, reserved 491520K
  class space    used 10103K, committed 10560K, reserved 425984K
}
Event: 182.491 GC heap after
{Heap after GC invocations=37 (full 0):
 garbage-first heap   total 128000K, used 79052K [0x0000000080000000, 0x0000000100000000)
  region size 1024K, 1 young (1024K), 1 survivors (1024K)
 Metaspace       used 71525K, committed 72384K, reserved 491520K
  class space    used 10103K, committed 10560K, reserved 425984K
}
Event: 182.741 GC heap before
{Heap before GC invocations=37 (full 0):
 garbage-first heap   total 128000K, used 104652K [0x0000000080000000, 0x0000000100000000)
  region size 1024K, 26 young (26624K), 1 survivors (1024K)
 Metaspace       used 71624K, committed 72576K, reserved 491520K
  class space    used 10103K, committed 10560K, reserved 425984K
}
Event: 182.745 GC heap after
{Heap after GC invocations=38 (full 0):
 garbage-first heap   total 128000K, used 80003K [0x0000000080000000, 0x0000000100000000)
  region size 1024K, 2 young (2048K), 2 survivors (2048K)
 Metaspace       used 71624K, committed 72576K, reserved 491520K
  class space    used 10103K, committed 10560K, reserved 425984K
}
Event: 183.046 GC heap before
{Heap before GC invocations=39 (full 0):
 garbage-first heap   total 147456K, used 104579K [0x0000000080000000, 0x0000000100000000)
  region size 1024K, 27 young (27648K), 2 survivors (2048K)
 Metaspace       used 71636K, committed 72576K, reserved 491520K
  class space    used 10103K, committed 10560K, reserved 425984K
}
Event: 183.050 GC heap after
{Heap after GC invocations=40 (full 0):
 garbage-first heap   total 147456K, used 80812K [0x0000000080000000, 0x0000000100000000)
  region size 1024K, 3 young (3072K), 3 survivors (3072K)
 Metaspace       used 71636K, committed 72576K, reserved 491520K
  class space    used 10103K, committed 10560K, reserved 425984K
}
Event: 183.077 GC heap before
{Heap before GC invocations=40 (full 0):
 garbage-first heap   total 147456K, used 84908K [0x0000000080000000, 0x0000000100000000)
  region size 1024K, 7 young (7168K), 3 survivors (3072K)
 Metaspace       used 71636K, committed 72576K, reserved 491520K
  class space    used 10103K, committed 10560K, reserved 425984K
}
Event: 183.091 GC heap after
{Heap after GC invocations=41 (full 0):
 garbage-first heap   total 147456K, used 79838K [0x0000000080000000, 0x0000000100000000)
  region size 1024K, 1 young (1024K), 1 survivors (1024K)
 Metaspace       used 71636K, committed 72576K, reserved 491520K
  class space    used 10103K, committed 10560K, reserved 425984K
}
Event: 183.479 GC heap before
{Heap before GC invocations=41 (full 0):
 garbage-first heap   total 147456K, used 118750K [0x0000000080000000, 0x0000000100000000)
  region size 1024K, 40 young (40960K), 1 survivors (1024K)
 Metaspace       used 71641K, committed 72576K, reserved 491520K
  class space    used 10103K, committed 10560K, reserved 425984K
}
Event: 183.482 GC heap after
{Heap after GC invocations=42 (full 0):
 garbage-first heap   total 147456K, used 80664K [0x0000000080000000, 0x0000000100000000)
  region size 1024K, 2 young (2048K), 2 survivors (2048K)
 Metaspace       used 71641K, committed 72576K, reserved 491520K
  class space    used 10103K, committed 10560K, reserved 425984K
}
Event: 184.590 GC heap before
{Heap before GC invocations=43 (full 0):
 garbage-first heap   total 147456K, used 127768K [0x0000000080000000, 0x0000000100000000)
  region size 1024K, 42 young (43008K), 2 survivors (2048K)
 Metaspace       used 73192K, committed 74176K, reserved 491520K
  class space    used 10301K, committed 10752K, reserved 425984K
}
Event: 184.601 GC heap after
{Heap after GC invocations=44 (full 0):
 garbage-first heap   total 147456K, used 93358K [0x0000000080000000, 0x0000000100000000)
  region size 1024K, 6 young (6144K), 6 survivors (6144K)
 Metaspace       used 73192K, committed 74176K, reserved 491520K
  class space    used 10301K, committed 10752K, reserved 425984K
}
Event: 184.613 GC heap before
{Heap before GC invocations=44 (full 0):
 garbage-first heap   total 147456K, used 93358K [0x0000000080000000, 0x0000000100000000)
  region size 1024K, 7 young (7168K), 6 survivors (6144K)
 Metaspace       used 73242K, committed 74176K, reserved 491520K
  class space    used 10303K, committed 10752K, reserved 425984K
}
Event: 184.624 GC heap after
{Heap after GC invocations=45 (full 0):
 garbage-first heap   total 147456K, used 92821K [0x0000000080000000, 0x0000000100000000)
  region size 1024K, 1 young (1024K), 1 survivors (1024K)
 Metaspace       used 73242K, committed 74176K, reserved 491520K
  class space    used 10303K, committed 10752K, reserved 425984K
}
Event: 185.648 GC heap before
{Heap before GC invocations=45 (full 0):
 garbage-first heap   total 147456K, used 121493K [0x0000000080000000, 0x0000000100000000)
  region size 1024K, 29 young (29696K), 1 survivors (1024K)
 Metaspace       used 75726K, committed 76672K, reserved 557056K
  class space    used 10558K, committed 11008K, reserved 425984K
}
Event: 185.658 GC heap after
{Heap after GC invocations=46 (full 0):
 garbage-first heap   total 382976K, used 93144K [0x0000000080000000, 0x0000000100000000)
  region size 1024K, 1 young (1024K), 1 survivors (1024K)
 Metaspace       used 75726K, committed 76672K, reserved 557056K
  class space    used 10558K, committed 11008K, reserved 425984K
}
Event: 196.951 GC heap before
{Heap before GC invocations=47 (full 0):
 garbage-first heap   total 321536K, used 299992K [0x0000000080000000, 0x0000000100000000)
  region size 1024K, 198 young (202752K), 1 survivors (1024K)
 Metaspace       used 86941K, committed 87872K, reserved 557056K
  class space    used 11980K, committed 12416K, reserved 425984K
}
Event: 197.014 GC heap after
{Heap after GC invocations=48 (full 0):
 garbage-first heap   total 321536K, used 107212K [0x0000000080000000, 0x0000000100000000)
  region size 1024K, 13 young (13312K), 13 survivors (13312K)
 Metaspace       used 86941K, committed 87872K, reserved 557056K
  class space    used 11980K, committed 12416K, reserved 425984K
}
Event: 197.370 GC heap before
{Heap before GC invocations=48 (full 0):
 garbage-first heap   total 321536K, used 109260K [0x0000000080000000, 0x0000000100000000)
  region size 1024K, 15 young (15360K), 13 survivors (13312K)
 Metaspace       used 87070K, committed 88000K, reserved 557056K
  class space    used 12000K, committed 12480K, reserved 425984K
}
Event: 197.418 GC heap after
{Heap after GC invocations=49 (full 0):
 garbage-first heap   total 321536K, used 107910K [0x0000000080000000, 0x0000000100000000)
  region size 1024K, 2 young (2048K), 2 survivors (2048K)
 Metaspace       used 87070K, committed 88000K, reserved 557056K
  class space    used 12000K, committed 12480K, reserved 425984K
}

