# JRE version: Java(TM) SE Runtime Environment (17.0.12+8) (build 17.0.12+8-LTS-286)
# Java VM: Java HotSpot(TM) 64-Bit Server VM (17.0.12+8-LTS-286, mixed mode, sharing, tiered, compressed oops, compressed class ptrs, g1 gc, windows-amd64)
GC Precious Log:
 CPUs: 8 total, 8 available
 Memory: 8033M
 Large Page Support: Disabled
 NUMA Support: Disabled
 Compressed Oops: Enabled (32-bit)
 Heap Region Size: 1M
 Heap Min Capacity: 8M
 Heap Initial Capacity: 126M
 Heap Max Capacity: 2G
 Pre-touch: Disabled
 Parallel Workers: 8
 Concurrent Workers: 2
 Concurrent Refinement Workers: 8
 Periodic GC: Disabled
Heap:
 garbage-first heap   total 311296K, used 216198K [0x0000000080000000, 0x0000000100000000)
  region size 1024K, 6 young (6144K), 3 survivors (3072K)
 Metaspace       used 114248K, committed 115456K, reserved 557056K
  class space    used 15835K, committed 16384K, reserved 425984K
GC Heap History (20 events):
Event: 474.286 GC heap before
{Heap before GC invocations=88 (full 0):
 garbage-first heap   total 311296K, used 262922K [0x0000000080000000, 0x0000000100000000)
  region size 1024K, 66 young (67584K), 3 survivors (3072K)
 Metaspace       used 113922K, committed 115136K, reserved 557056K
  class space    used 15807K, committed 16384K, reserved 425984K
}
Event: 474.454 GC heap after
{Heap after GC invocations=89 (full 0):
 garbage-first heap   total 311296K, used 205326K [0x0000000080000000, 0x0000000100000000)
  region size 1024K, 9 young (9216K), 9 survivors (9216K)
 Metaspace       used 113922K, committed 115136K, reserved 557056K
  class space    used 15807K, committed 16384K, reserved 425984K
}
Event: 475.577 GC heap before
{Heap before GC invocations=89 (full 0):
 garbage-first heap   total 311296K, used 262670K [0x0000000080000000, 0x0000000100000000)
  region size 1024K, 66 young (67584K), 9 survivors (9216K)
 Metaspace       used 113922K, committed 115136K, reserved 557056K
  class space    used 15807K, committed 16384K, reserved 425984K
}
Event: 475.614 GC heap after
{Heap after GC invocations=90 (full 0):
 garbage-first heap   total 311296K, used 207821K [0x0000000080000000, 0x0000000100000000)
  region size 1024K, 5 young (5120K), 5 survivors (5120K)
 Metaspace       used 113922K, committed 115136K, reserved 557056K
  class space    used 15807K, committed 16384K, reserved 425984K
}
Event: 476.813 GC heap before
{Heap before GC invocations=90 (full 0):
 garbage-first heap   total 311296K, used 264141K [0x0000000080000000, 0x0000000100000000)
  region size 1024K, 60 young (61440K), 5 survivors (5120K)
 Metaspace       used 113931K, committed 115136K, reserved 557056K
  class space    used 15807K, committed 16384K, reserved 425984K
}
Event: 476.818 GC heap after
{Heap after GC invocations=91 (full 0):
 garbage-first heap   total 311296K, used 207145K [0x0000000080000000, 0x0000000100000000)
  region size 1024K, 4 young (4096K), 4 survivors (4096K)
 Metaspace       used 113931K, committed 115136K, reserved 557056K
  class space    used 15807K, committed 16384K, reserved 425984K
}
Event: 478.925 GC heap before
{Heap before GC invocations=91 (full 0):
 garbage-first heap   total 311296K, used 266537K [0x0000000080000000, 0x0000000100000000)
  region size 1024K, 62 young (63488K), 4 survivors (4096K)
 Metaspace       used 113931K, committed 115136K, reserved 557056K
  class space    used 15807K, committed 16384K, reserved 425984K
}
Event: 478.943 GC heap after
{Heap after GC invocations=92 (full 0):
 garbage-first heap   total 311296K, used 207263K [0x0000000080000000, 0x0000000100000000)
  region size 1024K, 4 young (4096K), 4 survivors (4096K)
 Metaspace       used 113931K, committed 115136K, reserved 557056K
  class space    used 15807K, committed 16384K, reserved 425984K
}
Event: 482.796 GC heap before
{Heap before GC invocations=92 (full 0):
 garbage-first heap   total 311296K, used 268703K [0x0000000080000000, 0x0000000100000000)
  region size 1024K, 63 young (64512K), 4 survivors (4096K)
 Metaspace       used 113982K, committed 115136K, reserved 557056K
  class space    used 15812K, committed 16384K, reserved 425984K
}
Event: 482.805 GC heap after
{Heap after GC invocations=93 (full 0):
 garbage-first heap   total 311296K, used 207113K [0x0000000080000000, 0x0000000100000000)
  region size 1024K, 3 young (3072K), 3 survivors (3072K)
 Metaspace       used 113982K, committed 115136K, reserved 557056K
  class space    used 15812K, committed 16384K, reserved 425984K
}
Event: 488.145 GC heap before
{Heap before GC invocations=93 (full 0):
 garbage-first heap   total 311296K, used 269577K [0x0000000080000000, 0x0000000100000000)
  region size 1024K, 64 young (65536K), 3 survivors (3072K)
 Metaspace       used 113982K, committed 115136K, reserved 557056K
  class space    used 15812K, committed 16384K, reserved 425984K
}
Event: 488.151 GC heap after
{Heap after GC invocations=94 (full 0):
 garbage-first heap   total 311296K, used 205788K [0x0000000080000000, 0x0000000100000000)
  region size 1024K, 3 young (3072K), 3 survivors (3072K)
 Metaspace       used 113982K, committed 115136K, reserved 557056K
  class space    used 15812K, committed 16384K, reserved 425984K
}
Event: 489.793 GC heap before
{Heap before GC invocations=94 (full 0):
 garbage-first heap   total 311296K, used 271324K [0x0000000080000000, 0x0000000100000000)
  region size 1024K, 67 young (68608K), 3 survivors (3072K)
 Metaspace       used 113982K, committed 115136K, reserved 557056K
  class space    used 15812K, committed 16384K, reserved 425984K
}
Event: 489.822 GC heap after
{Heap after GC invocations=95 (full 0):
 garbage-first heap   total 311296K, used 205744K [0x0000000080000000, 0x0000000100000000)
  region size 1024K, 3 young (3072K), 3 survivors (3072K)
 Metaspace       used 113982K, committed 115136K, reserved 557056K
  class space    used 15812K, committed 16384K, reserved 425984K
}
Event: 504.010 GC heap before
{Heap before GC invocations=95 (full 0):
 garbage-first heap   total 311296K, used 272304K [0x0000000080000000, 0x0000000100000000)
  region size 1024K, 68 young (69632K), 3 survivors (3072K)
 Metaspace       used 113995K, committed 115200K, reserved 557056K
  class space    used 15812K, committed 16384K, reserved 425984K
}
Event: 504.076 GC heap after
{Heap after GC invocations=96 (full 0):
 garbage-first heap   total 311296K, used 211385K [0x0000000080000000, 0x0000000100000000)
  region size 1024K, 7 young (7168K), 7 survivors (7168K)
 Metaspace       used 113995K, committed 115200K, reserved 557056K
  class space    used 15812K, committed 16384K, reserved 425984K
}
Event: 504.965 GC heap before
{Heap before GC invocations=96 (full 0):
 garbage-first heap   total 311296K, used 269753K [0x0000000080000000, 0x0000000100000000)
  region size 1024K, 64 young (65536K), 7 survivors (7168K)
 Metaspace       used 114001K, committed 115264K, reserved 557056K
  class space    used 15812K, committed 16384K, reserved 425984K
}
Event: 505.098 GC heap after
{Heap after GC invocations=97 (full 0):
 garbage-first heap   total 311296K, used 212901K [0x0000000080000000, 0x0000000100000000)
  region size 1024K, 2 young (2048K), 2 survivors (2048K)
 Metaspace       used 114001K, committed 115264K, reserved 557056K
  class space    used 15812K, committed 16384K, reserved 425984K
}
Event: 507.809 GC heap before
{Heap before GC invocations=97 (full 0):
 garbage-first heap   total 311296K, used 270245K [0x0000000080000000, 0x0000000100000000)
  region size 1024K, 58 young (59392K), 2 survivors (2048K)
 Metaspace       used 114231K, committed 115456K, reserved 557056K
  class space    used 15835K, committed 16384K, reserved 425984K
}
Event: 507.821 GC heap after
{Heap after GC invocations=98 (full 0):
 garbage-first heap   total 311296K, used 214150K [0x0000000080000000, 0x0000000100000000)
  region size 1024K, 3 young (3072K), 3 survivors (3072K)
 Metaspace       used 114231K, committed 115456K, reserved 557056K
  class space    used 15835K, committed 16384K, reserved 425984K
}

